Using pre-set license
Built from '2022.3/release' branch; Version is '2022.3.20f1 (61c2feb0970d) revision 6406910'; Using compiler version '192829333'; Build Type 'Release'
OS: 'Windows 11  (10.0.22631) 64bit Core' Language: 'en' Physical Memory: 23765 MB
BatchMode: 1, IsHumanControllingUs: 0, StartBugReporterOnCrash: 0, Is64bit: 1, IsPro: 1

COMMAND LINE ARGUMENTS:
C:\Program Files\Unity\Hub\Editor\2022.3.20f1\Editor\Unity.exe
-adb2
-batchMode
-noUpm
-name
AssetImportWorker0
-projectPath
C:/Users/gil_h/OneDrive/Documents/GitHub/Unity_proyecto/mi primer proyecto
-logFile
Logs/AssetImportWorker0.log
-srvPort
53661
Successfully changed project path to: C:/Users/gil_h/OneDrive/Documents/GitHub/Unity_proyecto/mi primer proyecto
C:/Users/gil_h/OneDrive/Documents/GitHub/Unity_proyecto/mi primer proyecto
[UnityMemory] Configuration Parameters - Can be set up in boot.config
    "memorysetup-bucket-allocator-granularity=16"
    "memorysetup-bucket-allocator-bucket-count=8"
    "memorysetup-bucket-allocator-block-size=33554432"
    "memorysetup-bucket-allocator-block-count=8"
    "memorysetup-main-allocator-block-size=16777216"
    "memorysetup-thread-allocator-block-size=16777216"
    "memorysetup-gfx-main-allocator-block-size=16777216"
    "memorysetup-gfx-thread-allocator-block-size=16777216"
    "memorysetup-cache-allocator-block-size=4194304"
    "memorysetup-typetree-allocator-block-size=2097152"
    "memorysetup-profiler-bucket-allocator-granularity=16"
    "memorysetup-profiler-bucket-allocator-bucket-count=8"
    "memorysetup-profiler-bucket-allocator-block-size=33554432"
    "memorysetup-profiler-bucket-allocator-block-count=8"
    "memorysetup-profiler-allocator-block-size=16777216"
    "memorysetup-profiler-editor-allocator-block-size=1048576"
    "memorysetup-temp-allocator-size-main=16777216"
    "memorysetup-job-temp-allocator-block-size=2097152"
    "memorysetup-job-temp-allocator-block-size-background=1048576"
    "memorysetup-job-temp-allocator-reduction-small-platforms=262144"
    "memorysetup-allocator-temp-initial-block-size-main=262144"
    "memorysetup-allocator-temp-initial-block-size-worker=262144"
    "memorysetup-temp-allocator-size-background-worker=32768"
    "memorysetup-temp-allocator-size-job-worker=262144"
    "memorysetup-temp-allocator-size-preload-manager=33554432"
    "memorysetup-temp-allocator-size-nav-mesh-worker=65536"
    "memorysetup-temp-allocator-size-audio-worker=65536"
    "memorysetup-temp-allocator-size-cloud-worker=32768"
    "memorysetup-temp-allocator-size-gi-baking-worker=262144"
    "memorysetup-temp-allocator-size-gfx=262144"
Player connection [16612] Host "[IP] 192.168.100.100 [Port] 0 [Flags] 2 [Guid] 2888913681 [EditorId] 2888913681 [Version] 1048832 [Id] WindowsEditor(7,Seus_Rollins_L) [Debug] 1 [PackageName] WindowsEditor [ProjectName] Editor" joined multi-casting on [225.0.0.222:54997]...

Player connection [16612] Host "[IP] 192.168.100.100 [Port] 0 [Flags] 2 [Guid] 2888913681 [EditorId] 2888913681 [Version] 1048832 [Id] WindowsEditor(7,Seus_Rollins_L) [Debug] 1 [PackageName] WindowsEditor [ProjectName] Editor" joined alternative multi-casting on [225.0.0.222:34997]...

[Physics::Module] Initialized MultithreadedJobDispatcher with 11 workers.
Refreshing native plugins compatible for Editor in 15.63 ms, found 3 plugins.
Preloading 0 native plugins for Editor in 0.00 ms.
Initialize engine version: 2022.3.20f1 (61c2feb0970d)
[Subsystems] Discovering subsystems at path C:/Program Files/Unity/Hub/Editor/2022.3.20f1/Editor/Data/Resources/UnitySubsystems
[Subsystems] Discovering subsystems at path C:/Users/gil_h/OneDrive/Documents/GitHub/Unity_proyecto/mi primer proyecto/Assets
GfxDevice: creating device client; threaded=0; jobified=0
Direct3D:
    Version:  Direct3D 11.0 [level 11.1]
    Renderer: NVIDIA GeForce RTX 2050 (ID=0x25ad)
    Vendor:   NVIDIA
    VRAM:     3964 MB
    Driver:   31.0.15.5152
Initialize mono
Mono path[0] = 'C:/Program Files/Unity/Hub/Editor/2022.3.20f1/Editor/Data/Managed'
Mono path[1] = 'C:/Program Files/Unity/Hub/Editor/2022.3.20f1/Editor/Data/MonoBleedingEdge/lib/mono/unityjit-win32'
Mono config path = 'C:/Program Files/Unity/Hub/Editor/2022.3.20f1/Editor/Data/MonoBleedingEdge/etc'
Using monoOptions --debugger-agent=transport=dt_socket,embedding=1,server=y,suspend=n,address=127.0.0.1:56588
Begin MonoManager ReloadAssembly
Registering precompiled unity dll's ...
Register platform support module: C:/Program Files/Unity/Hub/Editor/2022.3.20f1/Editor/Data/PlaybackEngines/WebGLSupport/UnityEditor.WebGL.Extensions.dll
Register platform support module: C:/Program Files/Unity/Hub/Editor/2022.3.20f1/Editor/Data/PlaybackEngines/WindowsStandaloneSupport/UnityEditor.WindowsStandalone.Extensions.dll
Registered in 0.017184 seconds.
- Loaded All Assemblies, in  0.780 seconds
Native extension for WindowsStandalone target not found
Native extension for WebGL target not found
Mono: successfully reloaded assembly
- Finished resetting the current domain, in  0.569 seconds
Domain Reload Profiling: 1343ms
	BeginReloadAssembly (232ms)
		ExecutionOrderSort (0ms)
		DisableScriptedObjects (0ms)
		BackupInstance (0ms)
		ReleaseScriptingObjects (0ms)
		CreateAndSetChildDomain (1ms)
	RebuildCommonClasses (68ms)
	RebuildNativeTypeToScriptingClass (18ms)
	initialDomainReloadingComplete (114ms)
	LoadAllAssembliesAndSetupDomain (341ms)
		LoadAssemblies (230ms)
		RebuildTransferFunctionScriptingTraits (0ms)
		AnalyzeDomain (334ms)
			TypeCache.Refresh (332ms)
				TypeCache.ScanAssembly (296ms)
			ScanForSourceGeneratedMonoScriptInfo (1ms)
			ResolveRequiredComponents (1ms)
	FinalizeReload (569ms)
		ReleaseScriptCaches (0ms)
		RebuildScriptCaches (0ms)
		SetupLoadedEditorAssemblies (459ms)
			LogAssemblyErrors (0ms)
			InitializePlatformSupportModulesInManaged (25ms)
			SetLoadedEditorAssemblies (11ms)
			RefreshPlugins (0ms)
			BeforeProcessingInitializeOnLoad (4ms)
			ProcessInitializeOnLoadAttributes (316ms)
			ProcessInitializeOnLoadMethodAttributes (103ms)
			AfterProcessingInitializeOnLoad (0ms)
			EditorAssembliesLoaded (0ms)
		ExecutionOrderSort2 (0ms)
		AwakeInstancesAfterBackupRestoration (0ms)
========================================================================
Worker process is ready to serve import requests
Begin MonoManager ReloadAssembly
- Loaded All Assemblies, in  1.195 seconds
Refreshing native plugins compatible for Editor in 7.02 ms, found 3 plugins.
Native extension for WindowsStandalone target not found
Native extension for WebGL target not found
Package Manager log level set to [2]
[Package Manager] Server::EnsureServerProcessIsRunning -- launch failed, reason: Unity was launched with the -noUpm command-line argument
[Package Manager] UpmClient::Send -- Unable to send message (not connected to UPM process).
[Package Manager] Cannot connect to Unity Package Manager local server
Mono: successfully reloaded assembly
- Finished resetting the current domain, in  1.084 seconds
Domain Reload Profiling: 2273ms
	BeginReloadAssembly (278ms)
		ExecutionOrderSort (0ms)
		DisableScriptedObjects (10ms)
		BackupInstance (0ms)
		ReleaseScriptingObjects (0ms)
		CreateAndSetChildDomain (31ms)
	RebuildCommonClasses (63ms)
	RebuildNativeTypeToScriptingClass (16ms)
	initialDomainReloadingComplete (82ms)
	LoadAllAssembliesAndSetupDomain (749ms)
		LoadAssemblies (583ms)
		RebuildTransferFunctionScriptingTraits (0ms)
		AnalyzeDomain (335ms)
			TypeCache.Refresh (298ms)
				TypeCache.ScanAssembly (272ms)
			ScanForSourceGeneratedMonoScriptInfo (29ms)
			ResolveRequiredComponents (6ms)
	FinalizeReload (1085ms)
		ReleaseScriptCaches (0ms)
		RebuildScriptCaches (0ms)
		SetupLoadedEditorAssemblies (783ms)
			LogAssemblyErrors (0ms)
			InitializePlatformSupportModulesInManaged (14ms)
			SetLoadedEditorAssemblies (7ms)
			RefreshPlugins (0ms)
			BeforeProcessingInitializeOnLoad (125ms)
			ProcessInitializeOnLoadAttributes (581ms)
			ProcessInitializeOnLoadMethodAttributes (40ms)
			AfterProcessingInitializeOnLoad (16ms)
			EditorAssembliesLoaded (0ms)
		ExecutionOrderSort2 (0ms)
		AwakeInstancesAfterBackupRestoration (16ms)
Launched and connected shader compiler UnityShaderCompiler.exe after 0.12 seconds
Refreshing native plugins compatible for Editor in 9.94 ms, found 3 plugins.
Preloading 0 native plugins for Editor in 0.00 ms.
Unloading 3083 Unused Serialized files (Serialized files now loaded: 0)
Unloading 32 unused Assets / (57.1 KB). Loaded Objects now: 3544.
Memory consumption went from 122.7 MB to 122.7 MB.
Total: 6.328200 ms (FindLiveObjects: 0.297200 ms CreateObjectMapping: 0.252200 ms MarkObjects: 5.621500 ms  DeleteObjects: 0.155500 ms)

AssetImportParameters requested are different than current active one (requested -> active):
  custom:container-demuxer-ogg: 62fdf1f143b41e24485cea50d1cbac27 -> 
  custom:video-decoder-ogg-theora: a1e56fd34408186e4bbccfd4996cb3dc -> 
  custom:framework-win-MediaFoundation: 216162199b28c13a410421893ffa2e32 -> 
  custom:CustomObjectIndexerAttribute: 6d391050e5a25f67b0a2c618074f2cd9 -> 
  custom:container-demuxer-webm: 4f35f7cbe854078d1ac9338744f61a02 -> 
  custom:container-muxer-webm: aa71ff27fc2769a1b78a27578f13a17b -> 
  custom:video-decoder-webm-vp8: 9c59270c3fd7afecdb556c50c9e8de78 -> 
  custom:SearchIndexIgnoredProperties: e643bd26f0fe6173181afceb89e7c659 -> 
  custom:AudioImporter_EditorPlatform: d09bf68614088b80899f8185d706f6e7 -> 
  custom:video-encoder-webm-vp8: eb34c28f22e8b96e1ab97ce403110664 -> 
  custom:audio-decoder-ogg-vorbis: bf7c407c2cedff20999df2af8eb42d56 -> 
  custom:audio-encoder-webm-vorbis: bf7c407c2cedff20999df2af8eb42d56 -> 
========================================================================
Received Import Request.
  Time since last request: 22206.364610 seconds.
  path: Assets/New Folder/New Material 2.mat
  artifactKey: Guid(2359a26908532da49bc5f932b3b9640d) Importer(815301076,1909f56bfc062723c751e8b465ee728b)
Start importing Assets/New Folder/New Material 2.mat using Guid(2359a26908532da49bc5f932b3b9640d) Importer(815301076,1909f56bfc062723c751e8b465ee728b)  -> (artifact id: '647d8d28e76d8483c70d455d022052fe') in 0.208176 seconds
Number of updated asset objects reloaded before import = 0
Number of asset objects unloaded after import = 1
========================================================================
Received Import Request.
  Time since last request: 21.809692 seconds.
  path: Assets/imagenesxd/sw_00_1930.jpg
  artifactKey: Guid(54462e0951bf0054cadd158d55835526) Importer(815301076,1909f56bfc062723c751e8b465ee728b)
Start importing Assets/imagenesxd/sw_00_1930.jpg using Guid(54462e0951bf0054cadd158d55835526) Importer(815301076,1909f56bfc062723c751e8b465ee728b)  -> (artifact id: '48a74405d7f2229fd2dab12dc22ebe53') in 0.025240 seconds
Number of updated asset objects reloaded before import = 0
Number of asset objects unloaded after import = 2
========================================================================
Received Import Request.
  Time since last request: 630.782170 seconds.
  path: Assets/New Folder/New Material 3.mat
  artifactKey: Guid(8d4b8025352af3f4190ad6e407fb1ee0) Importer(815301076,1909f56bfc062723c751e8b465ee728b)
Start importing Assets/New Folder/New Material 3.mat using Guid(8d4b8025352af3f4190ad6e407fb1ee0) Importer(815301076,1909f56bfc062723c751e8b465ee728b)  -> (artifact id: 'b75617da3fe7ce59b1e0c59636bda0bc') in 0.024660 seconds
Number of updated asset objects reloaded before import = 0
Number of asset objects unloaded after import = 1
========================================================================
Received Import Request.
  Time since last request: 9.431718 seconds.
  path: Assets/imagenesxd/02361645-377c-45d9-bdd1-77fc025fdbf6.1c7cd836ce236513751904e2e60dc761.webp
  artifactKey: Guid(a759bd211e7bcb548b16752f6aad8761) Importer(815301076,1909f56bfc062723c751e8b465ee728b)
Start importing Assets/imagenesxd/02361645-377c-45d9-bdd1-77fc025fdbf6.1c7cd836ce236513751904e2e60dc761.webp using Guid(a759bd211e7bcb548b16752f6aad8761) Importer(815301076,1909f56bfc062723c751e8b465ee728b)  -> (artifact id: 'e02d09560d6d9b6eda6fac11aa75310e') in 0.001959 seconds
Number of updated asset objects reloaded before import = 0
Number of asset objects unloaded after import = 1
========================================================================
Received Import Request.
  Time since last request: 44.610936 seconds.
  path: Assets/imagenesxd/mo1100-mouse-sabre_05.jpg
  artifactKey: Guid(b3a94338ecdb2b9488b26d7cd4103c0d) Importer(815301076,1909f56bfc062723c751e8b465ee728b)
Start importing Assets/imagenesxd/mo1100-mouse-sabre_05.jpg using Guid(b3a94338ecdb2b9488b26d7cd4103c0d) Importer(815301076,1909f56bfc062723c751e8b465ee728b)  -> (artifact id: '37a64266d5a532c08c8170697361072d') in 0.021583 seconds
Number of updated asset objects reloaded before import = 0
Number of asset objects unloaded after import = 2
========================================================================
Received Import Request.
  Time since last request: 2633.288246 seconds.
  path: Assets/imagenesxd/Captura de pantalla 2024-02-16 181049.png
  artifactKey: Guid(0e4208eac16d85a42bf0d3ded339a94c) Importer(815301076,1909f56bfc062723c751e8b465ee728b)
Start importing Assets/imagenesxd/Captura de pantalla 2024-02-16 181049.png using Guid(0e4208eac16d85a42bf0d3ded339a94c) Importer(815301076,1909f56bfc062723c751e8b465ee728b)  -> (artifact id: '2c2dba28cdef02f632ee2512f3b28ec3') in 0.256790 seconds
Number of updated asset objects reloaded before import = 0
Number of asset objects unloaded after import = 2
========================================================================
Received Import Request.
  Time since last request: 1755.354491 seconds.
  path: Assets/imagenesxd/dbfc9ea98d827f0e10e60b1a0d401e2c.jpg
  artifactKey: Guid(35f77ac943c445c499a037d9016df349) Importer(815301076,1909f56bfc062723c751e8b465ee728b)
Start importing Assets/imagenesxd/dbfc9ea98d827f0e10e60b1a0d401e2c.jpg using Guid(35f77ac943c445c499a037d9016df349) Importer(815301076,1909f56bfc062723c751e8b465ee728b)  -> (artifact id: '49ca7ad9411b83a685352f4bdfc5b2cf') in 0.021479 seconds
Number of updated asset objects reloaded before import = 0
Number of asset objects unloaded after import = 2
========================================================================
Received Import Request.
  Time since last request: 1.055525 seconds.
  path: Assets/imagenesxd/Materials
  artifactKey: Guid(fa2280a665ca31347b9903729f63c3cc) Importer(815301076,1909f56bfc062723c751e8b465ee728b)
Start importing Assets/imagenesxd/Materials using Guid(fa2280a665ca31347b9903729f63c3cc) Importer(815301076,1909f56bfc062723c751e8b465ee728b)  -> (artifact id: 'd5f17b89bdfbffb327e472702df7c2c8') in 0.001048 seconds
Number of updated asset objects reloaded before import = 0
Number of asset objects unloaded after import = 0
========================================================================
Received Import Request.
  Time since last request: 0.113574 seconds.
  path: Assets/imagenesxd/Materials/Captura de pantalla 2024-02-16 181049.mat
  artifactKey: Guid(fc11a97a82b388849a5ceefc714a762c) Importer(815301076,1909f56bfc062723c751e8b465ee728b)
Start importing Assets/imagenesxd/Materials/Captura de pantalla 2024-02-16 181049.mat using Guid(fc11a97a82b388849a5ceefc714a762c) Importer(815301076,1909f56bfc062723c751e8b465ee728b)  -> (artifact id: '431a7941334b20b1b4fddae57e42ea62') in 0.035026 seconds
Number of updated asset objects reloaded before import = 0
Number of asset objects unloaded after import = 2
========================================================================
Received Import Request.
  Time since last request: 31.101548 seconds.
  path: Assets/New Folder/New Material 4.mat
  artifactKey: Guid(f499e4452892afc4297e9376233209ad) Importer(815301076,1909f56bfc062723c751e8b465ee728b)
Start importing Assets/New Folder/New Material 4.mat using Guid(f499e4452892afc4297e9376233209ad) Importer(815301076,1909f56bfc062723c751e8b465ee728b)  -> (artifact id: '1f5420d3ed1ccd7735c8e2b20e402254') in 0.009354 seconds
Number of updated asset objects reloaded before import = 0
Number of asset objects unloaded after import = 1
========================================================================
Received Import Request.
  Time since last request: 378.676825 seconds.
  path: Assets/New Folder/New Material 2.mat
  artifactKey: Guid(2359a26908532da49bc5f932b3b9640d) Importer(815301076,1909f56bfc062723c751e8b465ee728b)
Start importing Assets/New Folder/New Material 2.mat using Guid(2359a26908532da49bc5f932b3b9640d) Importer(815301076,1909f56bfc062723c751e8b465ee728b)  -> (artifact id: '6e1b657bac0a96a094e2c57b7fef3bbf') in 0.016368 seconds
Number of updated asset objects reloaded before import = 0
Number of asset objects unloaded after import = 2
========================================================================
Received Import Request.
  Time since last request: 0.000019 seconds.
  path: Assets/New Folder/New Material 4.mat
  artifactKey: Guid(f499e4452892afc4297e9376233209ad) Importer(815301076,1909f56bfc062723c751e8b465ee728b)
Start importing Assets/New Folder/New Material 4.mat using Guid(f499e4452892afc4297e9376233209ad) Importer(815301076,1909f56bfc062723c751e8b465ee728b)  -> (artifact id: '3bd978e7bae5958e3e87b54ae15f4fe6') in 0.013778 seconds
Number of updated asset objects reloaded before import = 0
Number of asset objects unloaded after import = 2
